<?xml version="1.0" encoding="UTF-8"?>
<testng-results skipped="0" failed="0" total="1" passed="1">
  <reporter-output>
  </reporter-output>
  <suite name="Suite" duration-ms="281866" started-at="2015-07-22T04:41:13Z" finished-at="2015-07-22T04:45:55Z">
    <groups>
    </groups>
    <test name="Test" duration-ms="281866" started-at="2015-07-22T04:41:13Z" finished-at="2015-07-22T04:45:55Z">
      <class name="newTest.TestWebDriver.testNgTest_2Test">
        <test-method status="PASS" signature="beforeClass(java.lang.String)[pri:0, instance:newTest.TestWebDriver.testNgTest_2Test@6033cf4d]" name="beforeClass" is-config="true" duration-ms="40989" started-at="2015-07-21T21:41:13Z" finished-at="2015-07-21T21:41:54Z">
          <params>
            <param index="0">
              <value>
                <![CDATA[chrome]]>
              </value>
            </param>
          </params>
          <reporter-output>
          </reporter-output>
        </test-method> <!-- beforeClass -->
        <test-method status="PASS" signature="startMainPage()[pri:0, instance:newTest.TestWebDriver.testNgTest_2Test@6033cf4d]" name="startMainPage" duration-ms="240509" started-at="2015-07-21T21:41:54Z" finished-at="2015-07-21T21:45:55Z">
          <reporter-output>
          </reporter-output>
        </test-method> <!-- startMainPage -->
        <test-method status="PASS" signature="afterTest()[pri:0, instance:newTest.TestWebDriver.testNgTest_2Test@6033cf4d]" name="afterTest" is-config="true" duration-ms="0" started-at="2015-07-21T21:45:55Z" finished-at="2015-07-21T21:45:55Z">
          <reporter-output>
          </reporter-output>
        </test-method> <!-- afterTest -->
      </class> <!-- newTest.TestWebDriver.testNgTest_2Test -->
    </test> <!-- Test -->
  </suite> <!-- Suite -->
</testng-results>
